0 info it worked if it ends with ok
1 verbose cli [ '/usr/bin/nodejs', '/usr/bin/npm', 'start' ]
2 info using npm@3.10.10
3 info using node@v6.10.2
4 verbose run-script [ 'prestart', 'start', 'poststart' ]
5 info lifecycle learningsocket@1.0.0~prestart: learningsocket@1.0.0
6 silly lifecycle learningsocket@1.0.0~prestart: no script for prestart, continuing
7 info lifecycle learningsocket@1.0.0~start: learningsocket@1.0.0
8 verbose lifecycle learningsocket@1.0.0~start: unsafe-perm in lifecycle true
9 verbose lifecycle learningsocket@1.0.0~start: PATH: /usr/lib/node_modules/npm/bin/node-gyp-bin:/root/nodeProjects/socket/node_modules/.bin:/root/.sdkman/candidates/gradle/current/bin:/usr/local/sbin:/usr/local/bin:/usr/sbin:/usr/bin:/sbin:/bin:/usr/games:/usr/local/games:/mnt/c/ProgramData/Oracle/Java/javapath_target_21115359:/mnt/c/Windows/System32:/mnt/c/Windows:/mnt/c/Windows/System32/wbem:/mnt/c/Windows/System32/WindowsPowerShell/v1.0:/mnt/c/Users/shane/.dnx/bin:/mnt/c/Program Files/Microsoft DNX/Dnvm:/mnt/c/Program Files (x86)/Windows Kits/8.1/Windows Performance Toolkit:/mnt/c/Program Files (x86)/OpenSSH/bin:/mnt/c/Program Files/Common Files/Autodesk Shared:/mnt/c/Program Files/OpenVPN/bin:/mnt/c/Program Files (x86)/Skype/Phone:/mnt/c/Program Files/TortoiseSVN/bin:/mnt/c/Program Files (x86)/nodejs:/mnt/c/Users/shane/AppData/Local/Enthought/Canopy/User/Scripts:/mnt/c/Users/shane/AppData/Local/Enthought/Canopy/User:/mnt/c/Users/shane/AppData/Local/Enthought/Canopy/User/Scripts:/mnt/c/Users/shane/.lein/bin:/mnt/c/Users/shane/AppData/Local/Microsoft/WindowsApps:/mnt/c/Users/shane/AppData/Roaming/npm:/mnt/c/adb:/mnt/c/Windows/System32:/mnt/c/Windows:/mnt/c/Windows/System32/wbem:/mnt/c/Windows/System32/WindowsPowerShell/v1.0:/mnt/c/ProgramData/Chocolatey/bin:/mnt/c/ProgramData/Chocolatey/lib/gradle/tools/gradle-3.1/bin:/mnt/c/Users/shane/AppData/Local/Enthought/Canopy/User/Scripts:/mnt/c/Users/shane/AppData/Local/Enthought/Canopy/User:/mnt/c/Users/shane/AppData/Local/Enthought/Canopy/User/Scripts:/mnt/c/Users/shane/.lein/bin:/mnt/c/Users/shane/AppData/Local/Microsoft/WindowsApps:/mnt/c/Users/shane/AppData/Roaming/npm
10 verbose lifecycle learningsocket@1.0.0~start: CWD: /root/nodeProjects/socket
11 silly lifecycle learningsocket@1.0.0~start: Args: [ '-c', 'nodejs index.js' ]
12 silly lifecycle learningsocket@1.0.0~start: Returned: code: 143  signal: null
13 info lifecycle learningsocket@1.0.0~start: Failed to exec start script
14 verbose stack Error: learningsocket@1.0.0 start: `nodejs index.js`
14 verbose stack Exit status 143
14 verbose stack     at EventEmitter.<anonymous> (/usr/lib/node_modules/npm/lib/utils/lifecycle.js:255:16)
14 verbose stack     at emitTwo (events.js:106:13)
14 verbose stack     at EventEmitter.emit (events.js:191:7)
14 verbose stack     at ChildProcess.<anonymous> (/usr/lib/node_modules/npm/lib/utils/spawn.js:40:14)
14 verbose stack     at emitTwo (events.js:106:13)
14 verbose stack     at ChildProcess.emit (events.js:191:7)
14 verbose stack     at maybeClose (internal/child_process.js:886:16)
14 verbose stack     at Process.ChildProcess._handle.onexit (internal/child_process.js:226:5)
15 verbose pkgid learningsocket@1.0.0
16 verbose cwd /root/nodeProjects/socket
17 error Linux 4.4.0-43-Microsoft
18 error argv "/usr/bin/nodejs" "/usr/bin/npm" "start"
19 error node v6.10.2
20 error npm  v3.10.10
21 error code ELIFECYCLE
22 error learningsocket@1.0.0 start: `nodejs index.js`
22 error Exit status 143
23 error Failed at the learningsocket@1.0.0 start script 'nodejs index.js'.
23 error Make sure you have the latest version of node.js and npm installed.
23 error If you do, this is most likely a problem with the learningsocket package,
23 error not with npm itself.
23 error Tell the author that this fails on your system:
23 error     nodejs index.js
23 error You can get information on how to open an issue for this project with:
23 error     npm bugs learningsocket
23 error Or if that isn't available, you can get their info via:
23 error     npm owner ls learningsocket
23 error There is likely additional logging output above.
24 verbose exit [ 1, true ]
